
Log started: 2014-11-21  20:29:57
dpkg: warning: overriding problem because --force enabled:
 package architecture (armv7a-vfp-neon) does not match system (i386)
Selecting previously unselected package base-files.
(Reading database ... (Reading database ... 100%(Reading database ... 0 files and directories currently installed.)
Unpacking base-files (from .../base-files_3.0.14-r86_armv7a-vfp-neon.deb) ...
dpkg: warning: overriding problem because --force enabled:
 package architecture (armv7a-vfp-neon) does not match system (i386)
Selecting previously unselected package base-files-dev.
Unpacking base-files-dev (from .../base-files-dev_3.0.14-r86_armv7a-vfp-neon.deb) ...
dpkg: warning: overriding problem because --force enabled:
 package architecture (armv7a-vfp-neon) does not match system (i386)
Selecting previously unselected package base-passwd.
Unpacking base-passwd (from .../base-passwd_3.5.29-r0_armv7a-vfp-neon.deb) ...
dpkg: warning: overriding problem because --force enabled:
 package architecture (armv7a-vfp-neon) does not match system (i386)
Selecting previously unselected package base-passwd-dev.
Unpacking base-passwd-dev (from .../base-passwd-dev_3.5.29-r0_armv7a-vfp-neon.deb) ...
dpkg: warning: overriding problem because --force enabled:
 package architecture (armv7a-vfp-neon) does not match system (i386)
Selecting previously unselected package update-alternatives-opkg.
Unpacking update-alternatives-opkg (from .../update-alternatives-opkg_0.1.8+git0+c33b217016-r0_armv7a-vfp-neon.deb) ...
dpkg: warning: overriding problem because --force enabled:
 package architecture (armv7a-vfp-neon) does not match system (i386)
Selecting previously unselected package libc6.
Unpacking libc6 (from .../libc6_2.18-r1_armv7a-vfp-neon.deb) ...
dpkg: warning: overriding problem because --force enabled:
 package architecture (armv7a-vfp-neon) does not match system (i386)
Selecting previously unselected package busybox.
Unpacking busybox (from .../busybox_1.22.1-r0_armv7a-vfp-neon.deb) ...
dpkg: warning: overriding problem because --force enabled:
 package architecture (armv7a-vfp-neon) does not match system (i386)
Selecting previously unselected package busybox-dev.
Unpacking busybox-dev (from .../busybox-dev_1.22.1-r0_armv7a-vfp-neon.deb) ...
dpkg: warning: overriding problem because --force enabled:
 package architecture (armv7a-vfp-neon) does not match system (i386)
Selecting previously unselected package busybox-inetd.
Unpacking busybox-inetd (from .../busybox-inetd_1.22.1-r0_armv7a-vfp-neon.deb) ...
update-rc.d: error: unknown option
usage: update-rc.d [-n] [-f] <basename> remove
       update-rc.d [-n] <basename> defaults [NN | SS KK]
       update-rc.d [-n] <basename> start|stop NN runlvl [runlvl] [...] .
       update-rc.d [-n] <basename> disable|enable [S|2|3|4|5]
		-n: not really
		-f: force

The disable|enable API is not stable and might change in the future.
dpkg: error processing /opt/PetaLinux/petalinux-v2014.2-final/components/packages-repo/plnx-repo/pool/main/b/busybox-inetd/busybox-inetd_1.22.1-r0_armv7a-vfp-neon.deb (--unpack):
 subprocess new pre-installation script returned error exit status 1
update-rc.d: error: unknown option
usage: update-rc.d [-n] [-f] <basename> remove
       update-rc.d [-n] <basename> defaults [NN | SS KK]
       update-rc.d [-n] <basename> start|stop NN runlvl [runlvl] [...] .
       update-rc.d [-n] <basename> disable|enable [S|2|3|4|5]
		-n: not really
		-f: force

The disable|enable API is not stable and might change in the future.
dpkg: error while cleaning up:
 subprocess new post-removal script returned error exit status 1
dpkg: warning: overriding problem because --force enabled:
 package architecture (armv7a-vfp-neon) does not match system (i386)
Selecting previously unselected package busybox-mdev.
Unpacking busybox-mdev (from .../busybox-mdev_1.22.1-r0_armv7a-vfp-neon.deb) ...
update-rc.d: error: unknown option
usage: update-rc.d [-n] [-f] <basename> remove
       update-rc.d [-n] <basename> defaults [NN | SS KK]
       update-rc.d [-n] <basename> start|stop NN runlvl [runlvl] [...] .
       update-rc.d [-n] <basename> disable|enable [S|2|3|4|5]
		-n: not really
		-f: force

The disable|enable API is not stable and might change in the future.
dpkg: error processing /opt/PetaLinux/petalinux-v2014.2-final/components/packages-repo/plnx-repo/pool/main/b/busybox-mdev/busybox-mdev_1.22.1-r0_armv7a-vfp-neon.deb (--unpack):
 subprocess new pre-installation script returned error exit status 1
update-rc.d: error: unknown option
usage: update-rc.d [-n] [-f] <basename> remove
       update-rc.d [-n] <basename> defaults [NN | SS KK]
       update-rc.d [-n] <basename> start|stop NN runlvl [runlvl] [...] .
       update-rc.d [-n] <basename> disable|enable [S|2|3|4|5]
		-n: not really
		-f: force

The disable|enable API is not stable and might change in the future.
dpkg: error while cleaning up:
 subprocess new post-removal script returned error exit status 1
dpkg: warning: overriding problem because --force enabled:
 package architecture (armv7a-vfp-neon) does not match system (i386)
Selecting previously unselected package busybox-udhcpc.
Unpacking busybox-udhcpc (from .../busybox-udhcpc_1.22.1-r0_armv7a-vfp-neon.deb) ...
dpkg: warning: overriding problem because --force enabled:
 package architecture (armv7a-vfp-neon) does not match system (i386)
Selecting previously unselected package eglibc-extra-nss.
Unpacking eglibc-extra-nss (from .../eglibc-extra-nss_2.18-r1_armv7a-vfp-neon.deb) ...
dpkg: warning: overriding problem because --force enabled:
 package architecture (armv7a-vfp-neon) does not match system (i386)
Selecting previously unselected package libgcc-s1.
Unpacking libgcc-s1 (from .../libgcc-s1_4.8.1-r1_armv7a-vfp-neon.deb) ...
dpkg: warning: overriding problem because --force enabled:
 package architecture (armv7a-vfp-neon) does not match system (i386)
Selecting previously unselected package gdbserver.
Unpacking gdbserver (from .../gdbserver_7.6.50.20130726-cvs-r1_armv7a-vfp-neon.deb) ...
dpkg: warning: overriding problem because --force enabled:
 package architecture (armv7a-vfp-neon) does not match system (i386)
Selecting previously unselected package netbase.
Unpacking netbase (from .../netbase_1:5.2-r0_armv7a-vfp-neon.deb) ...
dpkg: warning: overriding problem because --force enabled:
 package architecture (armv7a-vfp-neon) does not match system (i386)
Selecting previously unselected package init-ifupdown.
Unpacking init-ifupdown (from .../init-ifupdown_1.0-r7_armv7a-vfp-neon.deb) ...
update-rc.d: error: unknown option
usage: update-rc.d [-n] [-f] <basename> remove
       update-rc.d [-n] <basename> defaults [NN | SS KK]
       update-rc.d [-n] <basename> start|stop NN runlvl [runlvl] [...] .
       update-rc.d [-n] <basename> disable|enable [S|2|3|4|5]
		-n: not really
		-f: force

The disable|enable API is not stable and might change in the future.
dpkg: error processing /opt/PetaLinux/petalinux-v2014.2-final/components/packages-repo/plnx-repo/pool/main/i/init-ifupdown/init-ifupdown_1.0-r7_armv7a-vfp-neon.deb (--unpack):
 subprocess new pre-installation script returned error exit status 1
update-rc.d: error: unknown option
usage: update-rc.d [-n] [-f] <basename> remove
       update-rc.d [-n] <basename> defaults [NN | SS KK]
       update-rc.d [-n] <basename> start|stop NN runlvl [runlvl] [...] .
       update-rc.d [-n] <basename> disable|enable [S|2|3|4|5]
		-n: not really
		-f: force

The disable|enable API is not stable and might change in the future.
dpkg: error while cleaning up:
 subprocess new post-removal script returned error exit status 1
dpkg: warning: overriding problem because --force enabled:
 package architecture (armv7a-vfp-neon) does not match system (i386)
Selecting previously unselected package init-ifupdown-dev.
Unpacking init-ifupdown-dev (from .../init-ifupdown-dev_1.0-r7_armv7a-vfp-neon.deb) ...
dpkg: warning: overriding problem because --force enabled:
 package architecture (armv7a-vfp-neon) does not match system (i386)
Selecting previously unselected package initscripts-functions.
Unpacking initscripts-functions (from .../initscripts-functions_1.0-r154_armv7a-vfp-neon.deb) ...
dpkg: warning: overriding problem because --force enabled:
 package architecture (armv7a-vfp-neon) does not match system (i386)
Selecting previously unselected package initscripts.
Unpacking initscripts (from .../initscripts_1.0-r154_armv7a-vfp-neon.deb) ...
dpkg: warning: overriding problem because --force enabled:
 package architecture (armv7a-vfp-neon) does not match system (i386)
Selecting previously unselected package initscripts-dev.
Unpacking initscripts-dev (from .../initscripts-dev_1.0-r154_armv7a-vfp-neon.deb) ...
dpkg: warning: overriding problem because --force enabled:
 package architecture (armv7a-vfp-neon) does not match system (i386)
Selecting previously unselected package libthread-db1.
Unpacking libthread-db1 (from .../libthread-db1_2.18-r1_armv7a-vfp-neon.deb) ...
dpkg: warning: overriding problem because --force enabled:
 package architecture (armv7a-vfp-neon) does not match system (i386)
Selecting previously unselected package libcidn1.
Unpacking libcidn1 (from .../libcidn1_2.18-r1_armv7a-vfp-neon.deb) ...
dpkg: warning: overriding problem because --force enabled:
 package architecture (armv7a-vfp-neon) does not match system (i386)
Selecting previously unselected package libc6-dev.
Unpacking libc6-dev (from .../libc6-dev_2.18-r1_armv7a-vfp-neon.deb) ...
dpkg: warning: overriding problem because --force enabled:
 package architecture (armv7a-vfp-neon) does not match system (i386)
Selecting previously unselected package libgcc-s-dev.
Unpacking libgcc-s-dev (from .../libgcc-s-dev_4.8.1-r1_armv7a-vfp-neon.deb) ...
dpkg: warning: overriding problem because --force enabled:
 package architecture (armv7a-vfp-neon) does not match system (i386)
Selecting previously unselected package libstdc++6.
Unpacking libstdc++6 (from .../libstdc++6_4.8.1-r1_armv7a-vfp-neon.deb) ...
dpkg: warning: overriding problem because --force enabled:
 package architecture (armv7a-vfp-neon) does not match system (i386)
Selecting previously unselected package libstdc++-dev.
Unpacking libstdc++-dev (from .../libstdc++-dev_4.8.1-r1_armv7a-vfp-neon.deb) ...
dpkg: warning: overriding problem because --force enabled:
 package architecture (armv7a-vfp-neon) does not match system (i386)
Selecting previously unselected package linux-libc-headers.
Unpacking linux-libc-headers (from .../linux-libc-headers_3.11.0-r1_armv7a-vfp-neon.deb) ...
dpkg: warning: overriding problem because --force enabled:
 package architecture (armv7a-vfp-neon) does not match system (i386)
Selecting previously unselected package modutils-initscripts.
Unpacking modutils-initscripts (from .../modutils-initscripts_1.0-r7_armv7a-vfp-neon.deb) ...
update-rc.d: error: unknown option
usage: update-rc.d [-n] [-f] <basename> remove
       update-rc.d [-n] <basename> defaults [NN | SS KK]
       update-rc.d [-n] <basename> start|stop NN runlvl [runlvl] [...] .
       update-rc.d [-n] <basename> disable|enable [S|2|3|4|5]
		-n: not really
		-f: force

The disable|enable API is not stable and might change in the future.
dpkg: error processing /opt/PetaLinux/petalinux-v2014.2-final/components/packages-repo/plnx-repo/pool/main/m/modutils-initscripts/modutils-initscripts_1.0-r7_armv7a-vfp-neon.deb (--unpack):
 subprocess new pre-installation script returned error exit status 1
update-rc.d: error: unknown option
usage: update-rc.d [-n] [-f] <basename> remove
       update-rc.d [-n] <basename> defaults [NN | SS KK]
       update-rc.d [-n] <basename> start|stop NN runlvl [runlvl] [...] .
       update-rc.d [-n] <basename> disable|enable [S|2|3|4|5]
		-n: not really
		-f: force

The disable|enable API is not stable and might change in the future.
dpkg: error while cleaning up:
 subprocess new post-removal script returned error exit status 1
dpkg: warning: overriding problem because --force enabled:
 package architecture (armv7a-vfp-neon) does not match system (i386)
Selecting previously unselected package modutils-initscripts-dev.
Unpacking modutils-initscripts-dev (from .../modutils-initscripts-dev_1.0-r7_armv7a-vfp-neon.deb) ...
dpkg: warning: overriding problem because --force enabled:
 package architecture (armv7a-vfp-neon) does not match system (i386)
Selecting previously unselected package mtd-utils.
Unpacking mtd-utils (from .../mtd-utils_1.5.0+git0+dcea43eba9-r0_armv7a-vfp-neon.deb) ...
dpkg: warning: overriding problem because --force enabled:
 package architecture (armv7a-vfp-neon) does not match system (i386)
Selecting previously unselected package mtd-utils-dev.
Unpacking mtd-utils-dev (from .../mtd-utils-dev_1.5.0+git0+dcea43eba9-r0_armv7a-vfp-neon.deb) ...
dpkg: warning: overriding problem because --force enabled:
 package architecture (armv7a-vfp-neon) does not match system (i386)
Selecting previously unselected package netbase-dev.
Unpacking netbase-dev (from .../netbase-dev_1:5.2-r0_armv7a-vfp-neon.deb) ...
dpkg: warning: overriding problem because --force enabled:
 package architecture (armv7a-vfp-neon) does not match system (i386)
Selecting previously unselected package sysvinit-pidof.
Unpacking sysvinit-pidof (from .../sysvinit-pidof_2.88dsf-r11_armv7a-vfp-neon.deb) ...
dpkg: warning: overriding problem because --force enabled:
 package architecture (armv7a-vfp-neon) does not match system (i386)
Selecting previously unselected package sysvinit-inittab.
Unpacking sysvinit-inittab (from .../sysvinit-inittab_2.88dsf-r10_armv7a-vfp-neon.deb) ...
dpkg: warning: overriding problem because --force enabled:
 package architecture (armv7a-vfp-neon) does not match system (i386)
Selecting previously unselected package sysvinit.
Unpacking sysvinit (from .../sysvinit_2.88dsf-r11_armv7a-vfp-neon.deb) ...
dpkg: warning: overriding problem because --force enabled:
 package architecture (armv7a-vfp-neon) does not match system (i386)
Selecting previously unselected package sysvinit-dev.
Unpacking sysvinit-dev (from .../sysvinit-dev_2.88dsf-r11_armv7a-vfp-neon.deb) ...
dpkg: warning: overriding problem because --force enabled:
 package architecture (armv7a-vfp-neon) does not match system (i386)
Selecting previously unselected package sysvinit-inittab-dev.
Unpacking sysvinit-inittab-dev (from .../sysvinit-inittab-dev_2.88dsf-r10_armv7a-vfp-neon.deb) ...
Selecting previously unselected package update-rc.d.
Unpacking update-rc.d (from .../update-rc.d_0.7-r5_all.deb) ...
Selecting previously unselected package update-rc.d-dev.
Unpacking update-rc.d-dev (from .../update-rc.d-dev_0.7-r5_all.deb) ...
Errors were encountered while processing:
 /opt/PetaLinux/petalinux-v2014.2-final/components/packages-repo/plnx-repo/pool/main/b/busybox-inetd/busybox-inetd_1.22.1-r0_armv7a-vfp-neon.deb
 /opt/PetaLinux/petalinux-v2014.2-final/components/packages-repo/plnx-repo/pool/main/b/busybox-mdev/busybox-mdev_1.22.1-r0_armv7a-vfp-neon.deb
 /opt/PetaLinux/petalinux-v2014.2-final/components/packages-repo/plnx-repo/pool/main/i/init-ifupdown/init-ifupdown_1.0-r7_armv7a-vfp-neon.deb
 /opt/PetaLinux/petalinux-v2014.2-final/components/packages-repo/plnx-repo/pool/main/m/modutils-initscripts/modutils-initscripts_1.0-r7_armv7a-vfp-neon.deb
Log ended: 2014-11-21  20:30:14

Log started: 2014-11-21  20:31:34
dpkg: warning: overriding problem because --force enabled:
 package architecture (armv7a-vfp-neon) does not match system (i386)
(Reading database ... (Reading database ... 5%(Reading database ... 10%(Reading database ... 15%(Reading database ... 35%(Reading database ... 40%(Reading database ... 45%(Reading database ... 50%(Reading database ... 70%(Reading database ... 75%(Reading database ... 80%(Reading database ... 85%(Reading database ... 100%(Reading database ... 1463 files and directories currently installed.)
Preparing to replace update-alternatives-opkg 0.1.8+git0+c33b217016-r0 (using .../update-alternatives-opkg_0.1.8+git0+c33b217016-r0_armv7a-vfp-neon.deb) ...
Unpacking replacement update-alternatives-opkg ...
dpkg: warning: overriding problem because --force enabled:
 package architecture (armv7a-vfp-neon) does not match system (i386)
Preparing to replace busybox-inetd 1.22.1-r0 (using .../busybox-inetd_1.22.1-r0_armv7a-vfp-neon.deb) ...
 Removing any system startup links for inetd.busybox ...
Unpacking replacement busybox-inetd ...
dpkg: warning: overriding problem because --force enabled:
 package architecture (armv7a-vfp-neon) does not match system (i386)
Preparing to replace busybox-mdev 1.22.1-r0 (using .../busybox-mdev_1.22.1-r0_armv7a-vfp-neon.deb) ...
 Removing any system startup links for mdev ...
Unpacking replacement busybox-mdev ...
dpkg: warning: overriding problem because --force enabled:
 package architecture (armv7a-vfp-neon) does not match system (i386)
Preparing to replace init-ifupdown 1.0-r7 (using .../init-ifupdown_1.0-r7_armv7a-vfp-neon.deb) ...
 Removing any system startup links for networking ...
Unpacking replacement init-ifupdown ...
dpkg: warning: overriding problem because --force enabled:
 package architecture (armv7a-vfp-neon) does not match system (i386)
Preparing to replace modutils-initscripts 1.0-r7 (using .../modutils-initscripts_1.0-r7_armv7a-vfp-neon.deb) ...
 Removing any system startup links for modutils.sh ...
Unpacking replacement modutils-initscripts ...
Setting up base-files (3.0.14-r86) ...

Configuration file `/etc/fstab', does not exist on system.
Installing new config file as you requested.

Configuration file `/etc/hostname', does not exist on system.
Installing new config file as you requested.

Configuration file `/etc/shells', does not exist on system.
Installing new config file as you requested.
Setting up base-files-dev (3.0.14-r86) ...
Setting up base-passwd (3.5.29-r0) ...
Setting up base-passwd-dev (3.5.29-r0) ...
Setting up update-alternatives-opkg (0.1.8+git0+c33b217016-r0) ...
Setting up libc6 (2.18-r1) ...
Setting up busybox (1.22.1-r0) ...
update-alternatives: Linking /home/kartha/Avnet-Digilent-ZedBoard-2014.2/build/linux/rootfs/stage//bin/ar to /bin/busybox.nosuid
update-alternatives: Linking /home/kartha/Avnet-Digilent-ZedBoard-2014.2/build/linux/rootfs/stage//bin/gunzip to /bin/busybox.nosuid
update-alternatives: Linking /home/kartha/Avnet-Digilent-ZedBoard-2014.2/build/linux/rootfs/stage//bin/zcat to /bin/busybox.nosuid
update-alternatives: Linking /home/kartha/Avnet-Digilent-ZedBoard-2014.2/build/linux/rootfs/stage//bin/cpio to /bin/busybox.nosuid
update-alternatives: Linking /home/kartha/Avnet-Digilent-ZedBoard-2014.2/build/linux/rootfs/stage//bin/gzip to /bin/busybox.nosuid
update-alternatives: Linking /home/kartha/Avnet-Digilent-ZedBoard-2014.2/build/linux/rootfs/stage//bin/tar to /bin/busybox.nosuid
update-alternatives: Linking /home/kartha/Avnet-Digilent-ZedBoard-2014.2/build/linux/rootfs/stage//bin/unzip to /bin/busybox.nosuid
update-alternatives: Linking /home/kartha/Avnet-Digilent-ZedBoard-2014.2/build/linux/rootfs/stage//bin/date to /bin/busybox.nosuid
update-alternatives: Linking /home/kartha/Avnet-Digilent-ZedBoard-2014.2/build/linux/rootfs/stage//bin/groups to /bin/busybox.nosuid
update-alternatives: Linking /home/kartha/Avnet-Digilent-ZedBoard-2014.2/build/linux/rootfs/stage//bin/id to /bin/busybox.nosuid
update-alternatives: Linking /home/kartha/Avnet-Digilent-ZedBoard-2014.2/build/linux/rootfs/stage//bin/touch to /bin/busybox.nosuid
update-alternatives: Linking /home/kartha/Avnet-Digilent-ZedBoard-2014.2/build/linux/rootfs/stage//bin/users to /bin/busybox.nosuid
update-alternatives: Linking /home/kartha/Avnet-Digilent-ZedBoard-2014.2/build/linux/rootfs/stage//bin/who to /bin/busybox.nosuid
update-alternatives: Linking /home/kartha/Avnet-Digilent-ZedBoard-2014.2/build/linux/rootfs/stage//bin/awk to /bin/busybox.nosuid
update-alternatives: Linking /home/kartha/Avnet-Digilent-ZedBoard-2014.2/build/linux/rootfs/stage//bin/cmp to /bin/busybox.nosuid
update-alternatives: Linking /home/kartha/Avnet-Digilent-ZedBoard-2014.2/build/linux/rootfs/stage//bin/diff to /bin/busybox.nosuid
update-alternatives: Linking /home/kartha/Avnet-Digilent-ZedBoard-2014.2/build/linux/rootfs/stage//bin/patch to /bin/busybox.nosuid
update-alternatives: Linking /home/kartha/Avnet-Digilent-ZedBoard-2014.2/build/linux/rootfs/stage//bin/sed to /bin/busybox.nosuid
update-alternatives: Linking /home/kartha/Avnet-Digilent-ZedBoard-2014.2/build/linux/rootfs/stage//bin/vi to /bin/busybox.nosuid
update-alternatives: Linking /home/kartha/Avnet-Digilent-ZedBoard-2014.2/build/linux/rootfs/stage//bin/find to /bin/busybox.nosuid
update-alternatives: Linking /home/kartha/Avnet-Digilent-ZedBoard-2014.2/build/linux/rootfs/stage//bin/grep to /bin/busybox.nosuid
update-alternatives: Linking /home/kartha/Avnet-Digilent-ZedBoard-2014.2/build/linux/rootfs/stage//bin/egrep to /bin/busybox.nosuid
update-alternatives: Linking /home/kartha/Avnet-Digilent-ZedBoard-2014.2/build/linux/rootfs/stage//bin/fgrep to /bin/busybox.nosuid
update-alternatives: Linking /home/kartha/Avnet-Digilent-ZedBoard-2014.2/build/linux/rootfs/stage//bin/xargs to /bin/busybox.nosuid
update-alternatives: Linking /home/kartha/Avnet-Digilent-ZedBoard-2014.2/build/linux/rootfs/stage//sbin/halt to /bin/busybox.nosuid
update-alternatives: Linking /home/kartha/Avnet-Digilent-ZedBoard-2014.2/build/linux/rootfs/stage//sbin/poweroff to /bin/busybox.nosuid
update-alternatives: Linking /home/kartha/Avnet-Digilent-ZedBoard-2014.2/build/linux/rootfs/stage//sbin/reboot to /bin/busybox.nosuid
update-alternatives: Linking /home/kartha/Avnet-Digilent-ZedBoard-2014.2/build/linux/rootfs/stage//sbin/depmod to /bin/busybox.nosuid
update-alternatives: Linking /home/kartha/Avnet-Digilent-ZedBoard-2014.2/build/linux/rootfs/stage//sbin/insmod to /bin/busybox.nosuid
update-alternatives: Linking /home/kartha/Avnet-Digilent-ZedBoard-2014.2/build/linux/rootfs/stage//sbin/lsmod to /bin/busybox.nosuid
update-alternatives: Linking /home/kartha/Avnet-Digilent-ZedBoard-2014.2/build/linux/rootfs/stage//sbin/modprobe to /bin/busybox.nosuid
update-alternatives: Linking /home/kartha/Avnet-Digilent-ZedBoard-2014.2/build/linux/rootfs/stage//sbin/rmmod to /bin/busybox.nosuid
update-alternatives: Linking /home/kartha/Avnet-Digilent-ZedBoard-2014.2/build/linux/rootfs/stage//bin/ash to /bin/busybox.nosuid
update-alternatives: Linking /home/kartha/Avnet-Digilent-ZedBoard-2014.2/build/linux/rootfs/stage//bin/sh to /bin/busybox.nosuid
update-alternatives: Linking /home/kartha/Avnet-Digilent-ZedBoard-2014.2/build/linux/rootfs/stage//sbin/fstrim to /bin/busybox.nosuid
update-alternatives: Linking /home/kartha/Avnet-Digilent-ZedBoard-2014.2/build/linux/rootfs/stage//sbin/mdev to /bin/busybox.nosuid
update-alternatives: Linking /home/kartha/Avnet-Digilent-ZedBoard-2014.2/build/linux/rootfs/stage//bin/[ to /bin/busybox.nosuid
update-alternatives: Linking /home/kartha/Avnet-Digilent-ZedBoard-2014.2/build/linux/rootfs/stage//bin/[[ to /bin/busybox.nosuid
update-alternatives: Linking /home/kartha/Avnet-Digilent-ZedBoard-2014.2/build/linux/rootfs/stage//sbin/addgroup to /bin/busybox.nosuid
update-alternatives: Linking /home/kartha/Avnet-Digilent-ZedBoard-2014.2/build/linux/rootfs/stage//sbin/adduser to /bin/busybox.nosuid
update-alternatives: Linking /home/kartha/Avnet-Digilent-ZedBoard-2014.2/build/linux/rootfs/stage//bin/basename to /bin/busybox.nosuid
update-alternatives: Linking /home/kartha/Avnet-Digilent-ZedBoard-2014.2/build/linux/rootfs/stage//bin/cat to /bin/busybox.nosuid
update-alternatives: Linking /home/kartha/Avnet-Digilent-ZedBoard-2014.2/build/linux/rootfs/stage//bin/chattr to /bin/busybox.nosuid
update-alternatives: Linking /home/kartha/Avnet-Digilent-ZedBoard-2014.2/build/linux/rootfs/stage//bin/chgrp to /bin/busybox.nosuid
update-alternatives: Linking /home/kartha/Avnet-Digilent-ZedBoard-2014.2/build/linux/rootfs/stage//bin/chmod to /bin/busybox.nosuid
update-alternatives: Linking /home/kartha/Avnet-Digilent-ZedBoard-2014.2/build/linux/rootfs/stage//bin/chown to /bin/busybox.nosuid
update-alternatives: Linking /home/kartha/Avnet-Digilent-ZedBoard-2014.2/build/linux/rootfs/stage//sbin/chroot to /bin/busybox.nosuid
update-alternatives: Linking /home/kartha/Avnet-Digilent-ZedBoard-2014.2/build/linux/rootfs/stage//bin/chvt to /bin/busybox.nosuid
update-alternatives: Linking /home/kartha/Avnet-Digilent-ZedBoard-2014.2/build/linux/rootfs/stage//bin/clear to /bin/busybox.nosuid
update-alternatives: Linking /home/kartha/Avnet-Digilent-ZedBoard-2014.2/build/linux/rootfs/stage//bin/cp to /bin/busybox.nosuid
update-alternatives: Linking /home/kartha/Avnet-Digilent-ZedBoard-2014.2/build/linux/rootfs/stage//bin/cut to /bin/busybox.nosuid
update-alternatives: Linking /home/kartha/Avnet-Digilent-ZedBoard-2014.2/build/linux/rootfs/stage//bin/dc to /bin/busybox.nosuid
update-alternatives: Linking /home/kartha/Avnet-Digilent-ZedBoard-2014.2/build/linux/rootfs/stage//bin/dd to /bin/busybox.nosuid
update-alternatives: Linking /home/kartha/Avnet-Digilent-ZedBoard-2014.2/build/linux/rootfs/stage//bin/deallocvt to /bin/busybox.nosuid
update-alternatives: Linking /home/kartha/Avnet-Digilent-ZedBoard-2014.2/build/linux/rootfs/stage//sbin/delgroup to /bin/busybox.nosuid
update-alternatives: Linking /home/kartha/Avnet-Digilent-ZedBoard-2014.2/build/linux/rootfs/stage//sbin/deluser to /bin/busybox.nosuid
update-alternatives: Linking /home/kartha/Avnet-Digilent-ZedBoard-2014.2/build/linux/rootfs/stage//sbin/devmem to /bin/busybox.nosuid
update-alternatives: Linking /home/kartha/Avnet-Digilent-ZedBoard-2014.2/build/linux/rootfs/stage//bin/df to /bin/busybox.nosuid
update-alternatives: Linking /home/kartha/Avnet-Digilent-ZedBoard-2014.2/build/linux/rootfs/stage//bin/dirname to /bin/busybox.nosuid
update-alternatives: Linking /home/kartha/Avnet-Digilent-ZedBoard-2014.2/build/linux/rootfs/stage//bin/dmesg to /bin/busybox.nosuid
update-alternatives: Linking /home/kartha/Avnet-Digilent-ZedBoard-2014.2/build/linux/rootfs/stage//bin/dnsdomainname to /bin/busybox.nosuid
update-alternatives: Linking /home/kartha/Avnet-Digilent-ZedBoard-2014.2/build/linux/rootfs/stage//bin/du to /bin/busybox.nosuid
update-alternatives: Linking /home/kartha/Avnet-Digilent-ZedBoard-2014.2/build/linux/rootfs/stage//bin/dumpkmap to /bin/busybox.nosuid
update-alternatives: Linking /home/kartha/Avnet-Digilent-ZedBoard-2014.2/build/linux/rootfs/stage//bin/dumpleases to /bin/busybox.nosuid
update-alternatives: Linking /home/kartha/Avnet-Digilent-ZedBoard-2014.2/build/linux/rootfs/stage//bin/echo to /bin/busybox.nosuid
update-alternatives: Linking /home/kartha/Avnet-Digilent-ZedBoard-2014.2/build/linux/rootfs/stage//bin/env to /bin/busybox.nosuid
update-alternatives: Linking /home/kartha/Avnet-Digilent-ZedBoard-2014.2/build/linux/rootfs/stage//bin/expr to /bin/busybox.nosuid
update-alternatives: Linking /home/kartha/Avnet-Digilent-ZedBoard-2014.2/build/linux/rootfs/stage//bin/false to /bin/busybox.nosuid
update-alternatives: Linking /home/kartha/Avnet-Digilent-ZedBoard-2014.2/build/linux/rootfs/stage//sbin/fbset to /bin/busybox.nosuid
update-alternatives: Linking /home/kartha/Avnet-Digilent-ZedBoard-2014.2/build/linux/rootfs/stage//sbin/fdisk to /bin/busybox.nosuid
update-alternatives: Linking /home/kartha/Avnet-Digilent-ZedBoard-2014.2/build/linux/rootfs/stage//bin/flock to /bin/busybox.nosuid
update-alternatives: Linking /home/kartha/Avnet-Digilent-ZedBoard-2014.2/build/linux/rootfs/stage//bin/free to /bin/busybox.nosuid
update-alternatives: Linking /home/kartha/Avnet-Digilent-ZedBoard-2014.2/build/linux/rootfs/stage//sbin/fsck to /bin/busybox.nosuid
update-alternatives: Linking /home/kartha/Avnet-Digilent-ZedBoard-2014.2/build/linux/rootfs/stage//sbin/ftpd to /bin/busybox.nosuid
update-alternatives: Linking /home/kartha/Avnet-Digilent-ZedBoard-2014.2/build/linux/rootfs/stage//bin/ftpget to /bin/busybox.nosuid
update-alternatives: Linking /home/kartha/Avnet-Digilent-ZedBoard-2014.2/build/linux/rootfs/stage//bin/ftpput to /bin/busybox.nosuid
update-alternatives: Linking /home/kartha/Avnet-Digilent-ZedBoard-2014.2/build/linux/rootfs/stage//bin/fuser to /bin/busybox.nosuid
update-alternatives: Linking /home/kartha/Avnet-Digilent-ZedBoard-2014.2/build/linux/rootfs/stage//bin/getopt to /bin/busybox.nosuid
update-alternatives: Linking /home/kartha/Avnet-Digilent-ZedBoard-2014.2/build/linux/rootfs/stage//sbin/getty to /bin/busybox.nosuid
update-alternatives: Linking /home/kartha/Avnet-Digilent-ZedBoard-2014.2/build/linux/rootfs/stage//bin/hd to /bin/busybox.nosuid
update-alternatives: Linking /home/kartha/Avnet-Digilent-ZedBoard-2014.2/build/linux/rootfs/stage//bin/head to /bin/busybox.nosuid
update-alternatives: Linking /home/kartha/Avnet-Digilent-ZedBoard-2014.2/build/linux/rootfs/stage//bin/hexdump to /bin/busybox.nosuid
update-alternatives: Linking /home/kartha/Avnet-Digilent-ZedBoard-2014.2/build/linux/rootfs/stage//bin/hostname to /bin/busybox.nosuid
update-alternatives: Linking /home/kartha/Avnet-Digilent-ZedBoard-2014.2/build/linux/rootfs/stage//sbin/httpd to /bin/busybox.nosuid
update-alternatives: Linking /home/kartha/Avnet-Digilent-ZedBoard-2014.2/build/linux/rootfs/stage//sbin/hwclock to /bin/busybox.nosuid
update-alternatives: Linking /home/kartha/Avnet-Digilent-ZedBoard-2014.2/build/linux/rootfs/stage//sbin/ifconfig to /bin/busybox.nosuid
update-alternatives: Linking /home/kartha/Avnet-Digilent-ZedBoard-2014.2/build/linux/rootfs/stage//sbin/ifdown to /bin/busybox.nosuid
update-alternatives: Linking /home/kartha/Avnet-Digilent-ZedBoard-2014.2/build/linux/rootfs/stage//sbin/ifup to /bin/busybox.nosuid
update-alternatives: Linking /home/kartha/Avnet-Digilent-ZedBoard-2014.2/build/linux/rootfs/stage//sbin/inetd to /bin/busybox.nosuid
update-alternatives: Linking /home/kartha/Avnet-Digilent-ZedBoard-2014.2/build/linux/rootfs/stage//sbin/ip to /bin/busybox.nosuid
update-alternatives: Linking /home/kartha/Avnet-Digilent-ZedBoard-2014.2/build/linux/rootfs/stage//bin/kill to /bin/busybox.nosuid
update-alternatives: Linking /home/kartha/Avnet-Digilent-ZedBoard-2014.2/build/linux/rootfs/stage//bin/killall to /bin/busybox.nosuid
update-alternatives: Linking /home/kartha/Avnet-Digilent-ZedBoard-2014.2/build/linux/rootfs/stage//sbin/klogd to /bin/busybox.nosuid
update-alternatives: Linking /home/kartha/Avnet-Digilent-ZedBoard-2014.2/build/linux/rootfs/stage//bin/less to /bin/busybox.nosuid
update-alternatives: Linking /home/kartha/Avnet-Digilent-ZedBoard-2014.2/build/linux/rootfs/stage//bin/ln to /bin/busybox.nosuid
update-alternatives: Linking /home/kartha/Avnet-Digilent-ZedBoard-2014.2/build/linux/rootfs/stage//sbin/loadfont to /bin/busybox.nosuid
update-alternatives: Linking /home/kartha/Avnet-Digilent-ZedBoard-2014.2/build/linux/rootfs/stage//sbin/loadkmap to /bin/busybox.nosuid
update-alternatives: Linking /home/kartha/Avnet-Digilent-ZedBoard-2014.2/build/linux/rootfs/stage//bin/logger to /bin/busybox.nosuid
update-alternatives: Linking /home/kartha/Avnet-Digilent-ZedBoard-2014.2/build/linux/rootfs/stage//bin/logname to /bin/busybox.nosuid
update-alternatives: Linking /home/kartha/Avnet-Digilent-ZedBoard-2014.2/build/linux/rootfs/stage//sbin/logread to /bin/busybox.nosuid
update-alternatives: Linking /home/kartha/Avnet-Digilent-ZedBoard-2014.2/build/linux/rootfs/stage//sbin/losetup to /bin/busybox.nosuid
update-alternatives: Linking /home/kartha/Avnet-Digilent-ZedBoard-2014.2/build/linux/rootfs/stage//bin/ls to /bin/busybox.nosuid
update-alternatives: Linking /home/kartha/Avnet-Digilent-ZedBoard-2014.2/build/linux/rootfs/stage//bin/md5sum to /bin/busybox.nosuid
update-alternatives: Linking /home/kartha/Avnet-Digilent-ZedBoard-2014.2/build/linux/rootfs/stage//bin/microcom to /bin/busybox.nosuid
update-alternatives: Linking /home/kartha/Avnet-Digilent-ZedBoard-2014.2/build/linux/rootfs/stage//bin/mkdir to /bin/busybox.nosuid
update-alternatives: Linking /home/kartha/Avnet-Digilent-ZedBoard-2014.2/build/linux/rootfs/stage//sbin/mkdosfs to /bin/busybox.nosuid
update-alternatives: Linking /home/kartha/Avnet-Digilent-ZedBoard-2014.2/build/linux/rootfs/stage//bin/mkfifo to /bin/busybox.nosuid
update-alternatives: Linking /home/kartha/Avnet-Digilent-ZedBoard-2014.2/build/linux/rootfs/stage//sbin/mkfs.vfat to /bin/busybox.nosuid
update-alternatives: Linking /home/kartha/Avnet-Digilent-ZedBoard-2014.2/build/linux/rootfs/stage//bin/mknod to /bin/busybox.nosuid
update-alternatives: Linking /home/kartha/Avnet-Digilent-ZedBoard-2014.2/build/linux/rootfs/stage//sbin/mkswap to /bin/busybox.nosuid
update-alternatives: Linking /home/kartha/Avnet-Digilent-ZedBoard-2014.2/build/linux/rootfs/stage//bin/mktemp to /bin/busybox.nosuid
update-alternatives: Linking /home/kartha/Avnet-Digilent-ZedBoard-2014.2/build/linux/rootfs/stage//bin/more to /bin/busybox.nosuid
update-alternatives: Linking /home/kartha/Avnet-Digilent-ZedBoard-2014.2/build/linux/rootfs/stage//bin/mount to /bin/busybox.nosuid
update-alternatives: Linking /home/kartha/Avnet-Digilent-ZedBoard-2014.2/build/linux/rootfs/stage//bin/mv to /bin/busybox.nosuid
update-alternatives: Linking /home/kartha/Avnet-Digilent-ZedBoard-2014.2/build/linux/rootfs/stage//bin/netstat to /bin/busybox.nosuid
update-alternatives: Linking /home/kartha/Avnet-Digilent-ZedBoard-2014.2/build/linux/rootfs/stage//bin/nice to /bin/busybox.nosuid
update-alternatives: Linking /home/kartha/Avnet-Digilent-ZedBoard-2014.2/build/linux/rootfs/stage//bin/nohup to /bin/busybox.nosuid
update-alternatives: Linking /home/kartha/Avnet-Digilent-ZedBoard-2014.2/build/linux/rootfs/stage//bin/nslookup to /bin/busybox.nosuid
update-alternatives: Linking /home/kartha/Avnet-Digilent-ZedBoard-2014.2/build/linux/rootfs/stage//bin/od to /bin/busybox.nosuid
update-alternatives: Linking /home/kartha/Avnet-Digilent-ZedBoard-2014.2/build/linux/rootfs/stage//bin/openvt to /bin/busybox.nosuid
update-alternatives: Linking /home/kartha/Avnet-Digilent-ZedBoard-2014.2/build/linux/rootfs/stage//bin/pidof to /bin/busybox.nosuid
update-alternatives: Linking /home/kartha/Avnet-Digilent-ZedBoard-2014.2/build/linux/rootfs/stage//sbin/pivot_root to /bin/busybox.nosuid
update-alternatives: Linking /home/kartha/Avnet-Digilent-ZedBoard-2014.2/build/linux/rootfs/stage//bin/printf to /bin/busybox.nosuid
update-alternatives: Linking /home/kartha/Avnet-Digilent-ZedBoard-2014.2/build/linux/rootfs/stage//bin/ps to /bin/busybox.nosuid
update-alternatives: Linking /home/kartha/Avnet-Digilent-ZedBoard-2014.2/build/linux/rootfs/stage//bin/pwd to /bin/busybox.nosuid
update-alternatives: Linking /home/kartha/Avnet-Digilent-ZedBoard-2014.2/build/linux/rootfs/stage//sbin/rdate to /bin/busybox.nosuid
update-alternatives: Linking /home/kartha/Avnet-Digilent-ZedBoard-2014.2/build/linux/rootfs/stage//bin/readlink to /bin/busybox.nosuid
update-alternatives: Linking /home/kartha/Avnet-Digilent-ZedBoard-2014.2/build/linux/rootfs/stage//bin/realpath to /bin/busybox.nosuid
update-alternatives: Linking /home/kartha/Avnet-Digilent-ZedBoard-2014.2/build/linux/rootfs/stage//bin/renice to /bin/busybox.nosuid
update-alternatives: Linking /home/kartha/Avnet-Digilent-ZedBoard-2014.2/build/linux/rootfs/stage//bin/reset to /bin/busybox.nosuid
update-alternatives: Linking /home/kartha/Avnet-Digilent-ZedBoard-2014.2/build/linux/rootfs/stage//bin/rm to /bin/busybox.nosuid
update-alternatives: Linking /home/kartha/Avnet-Digilent-ZedBoard-2014.2/build/linux/rootfs/stage//bin/rmdir to /bin/busybox.nosuid
update-alternatives: Linking /home/kartha/Avnet-Digilent-ZedBoard-2014.2/build/linux/rootfs/stage//sbin/route to /bin/busybox.nosuid
update-alternatives: Linking /home/kartha/Avnet-Digilent-ZedBoard-2014.2/build/linux/rootfs/stage//bin/run-parts to /bin/busybox.nosuid
update-alternatives: Linking /home/kartha/Avnet-Digilent-ZedBoard-2014.2/build/linux/rootfs/stage//bin/seq to /bin/busybox.nosuid
update-alternatives: Linking /home/kartha/Avnet-Digilent-ZedBoard-2014.2/build/linux/rootfs/stage//sbin/setconsole to /bin/busybox.nosuid
update-alternatives: Linking /home/kartha/Avnet-Digilent-ZedBoard-2014.2/build/linux/rootfs/stage//bin/sha1sum to /bin/busybox.nosuid
update-alternatives: Linking /home/kartha/Avnet-Digilent-ZedBoard-2014.2/build/linux/rootfs/stage//bin/sha3sum to /bin/busybox.nosuid
update-alternatives: Linking /home/kartha/Avnet-Digilent-ZedBoard-2014.2/build/linux/rootfs/stage//bin/sha256sum to /bin/busybox.nosuid
update-alternatives: Linking /home/kartha/Avnet-Digilent-ZedBoard-2014.2/build/linux/rootfs/stage//bin/sha512sum to /bin/busybox.nosuid
update-alternatives: Linking /home/kartha/Avnet-Digilent-ZedBoard-2014.2/build/linux/rootfs/stage//bin/sleep to /bin/busybox.nosuid
update-alternatives: Linking /home/kartha/Avnet-Digilent-ZedBoard-2014.2/build/linux/rootfs/stage//bin/sort to /bin/busybox.nosuid
update-alternatives: Linking /home/kartha/Avnet-Digilent-ZedBoard-2014.2/build/linux/rootfs/stage//sbin/start-stop-daemon to /bin/busybox.nosuid
update-alternatives: Linking /home/kartha/Avnet-Digilent-ZedBoard-2014.2/build/linux/rootfs/stage//bin/stat to /bin/busybox.nosuid
update-alternatives: Linking /home/kartha/Avnet-Digilent-ZedBoard-2014.2/build/linux/rootfs/stage//bin/strings to /bin/busybox.nosuid
update-alternatives: Linking /home/kartha/Avnet-Digilent-ZedBoard-2014.2/build/linux/rootfs/stage//bin/stty to /bin/busybox.nosuid
update-alternatives: Linking /home/kartha/Avnet-Digilent-ZedBoard-2014.2/build/linux/rootfs/stage//sbin/sulogin to /bin/busybox.nosuid
update-alternatives: Linking /home/kartha/Avnet-Digilent-ZedBoard-2014.2/build/linux/rootfs/stage//sbin/swapoff to /bin/busybox.nosuid
update-alternatives: Linking /home/kartha/Avnet-Digilent-ZedBoard-2014.2/build/linux/rootfs/stage//sbin/swapon to /bin/busybox.nosuid
update-alternatives: Linking /home/kartha/Avnet-Digilent-ZedBoard-2014.2/build/linux/rootfs/stage//sbin/switch_root to /bin/busybox.nosuid
update-alternatives: Linking /home/kartha/Avnet-Digilent-ZedBoard-2014.2/build/linux/rootfs/stage//bin/sync to /bin/busybox.nosuid
update-alternatives: Linking /home/kartha/Avnet-Digilent-ZedBoard-2014.2/build/linux/rootfs/stage//sbin/sysctl to /bin/busybox.nosuid
update-alternatives: Linking /home/kartha/Avnet-Digilent-ZedBoard-2014.2/build/linux/rootfs/stage//sbin/syslogd to /bin/busybox.nosuid
update-alternatives: Linking /home/kartha/Avnet-Digilent-ZedBoard-2014.2/build/linux/rootfs/stage//bin/tail to /bin/busybox.nosuid
update-alternatives: Linking /home/kartha/Avnet-Digilent-ZedBoard-2014.2/build/linux/rootfs/stage//bin/tee to /bin/busybox.nosuid
update-alternatives: Linking /home/kartha/Avnet-Digilent-ZedBoard-2014.2/build/linux/rootfs/stage//bin/telnet to /bin/busybox.nosuid
update-alternatives: Linking /home/kartha/Avnet-Digilent-ZedBoard-2014.2/build/linux/rootfs/stage//sbin/telnetd to /bin/busybox.nosuid
update-alternatives: Linking /home/kartha/Avnet-Digilent-ZedBoard-2014.2/build/linux/rootfs/stage//bin/test to /bin/busybox.nosuid
update-alternatives: Linking /home/kartha/Avnet-Digilent-ZedBoard-2014.2/build/linux/rootfs/stage//bin/tftp to /bin/busybox.nosuid
update-alternatives: Linking /home/kartha/Avnet-Digilent-ZedBoard-2014.2/build/linux/rootfs/stage//bin/time to /bin/busybox.nosuid
update-alternatives: Linking /home/kartha/Avnet-Digilent-ZedBoard-2014.2/build/linux/rootfs/stage//bin/top to /bin/busybox.nosuid
update-alternatives: Linking /home/kartha/Avnet-Digilent-ZedBoard-2014.2/build/linux/rootfs/stage//bin/tr to /bin/busybox.nosuid
update-alternatives: Linking /home/kartha/Avnet-Digilent-ZedBoard-2014.2/build/linux/rootfs/stage//bin/true to /bin/busybox.nosuid
update-alternatives: Linking /home/kartha/Avnet-Digilent-ZedBoard-2014.2/build/linux/rootfs/stage//bin/tty to /bin/busybox.nosuid
update-alternatives: Linking /home/kartha/Avnet-Digilent-ZedBoard-2014.2/build/linux/rootfs/stage//sbin/udhcpc to /bin/busybox.nosuid
update-alternatives: Linking /home/kartha/Avnet-Digilent-ZedBoard-2014.2/build/linux/rootfs/stage//sbin/udhcpd to /bin/busybox.nosuid
update-alternatives: Linking /home/kartha/Avnet-Digilent-ZedBoard-2014.2/build/linux/rootfs/stage//bin/umount to /bin/busybox.nosuid
update-alternatives: Linking /home/kartha/Avnet-Digilent-ZedBoard-2014.2/build/linux/rootfs/stage//bin/uname to /bin/busybox.nosuid
update-alternatives: Linking /home/kartha/Avnet-Digilent-ZedBoard-2014.2/build/linux/rootfs/stage//bin/uniq to /bin/busybox.nosuid
update-alternatives: Linking /home/kartha/Avnet-Digilent-ZedBoard-2014.2/build/linux/rootfs/stage//bin/uptime to /bin/busybox.nosuid
update-alternatives: Linking /home/kartha/Avnet-Digilent-ZedBoard-2014.2/build/linux/rootfs/stage//bin/usleep to /bin/busybox.nosuid
update-alternatives: Linking /home/kartha/Avnet-Digilent-ZedBoard-2014.2/build/linux/rootfs/stage//bin/watch to /bin/busybox.nosuid
update-alternatives: Linking /home/kartha/Avnet-Digilent-ZedBoard-2014.2/build/linux/rootfs/stage//sbin/watchdog to /bin/busybox.nosuid
update-alternatives: Linking /home/kartha/Avnet-Digilent-ZedBoard-2014.2/build/linux/rootfs/stage//bin/wc to /bin/busybox.nosuid
update-alternatives: Linking /home/kartha/Avnet-Digilent-ZedBoard-2014.2/build/linux/rootfs/stage//bin/wget to /bin/busybox.nosuid
update-alternatives: Linking /home/kartha/Avnet-Digilent-ZedBoard-2014.2/build/linux/rootfs/stage//bin/which to /bin/busybox.nosuid
update-alternatives: Linking /home/kartha/Avnet-Digilent-ZedBoard-2014.2/build/linux/rootfs/stage//bin/whoami to /bin/busybox.nosuid
update-alternatives: Linking /home/kartha/Avnet-Digilent-ZedBoard-2014.2/build/linux/rootfs/stage//bin/yes to /bin/busybox.nosuid
update-alternatives: Linking /home/kartha/Avnet-Digilent-ZedBoard-2014.2/build/linux/rootfs/stage//bin/ping to /bin/busybox.suid
update-alternatives: Linking /home/kartha/Avnet-Digilent-ZedBoard-2014.2/build/linux/rootfs/stage//bin/ping6 to /bin/busybox.suid
update-alternatives: Linking /home/kartha/Avnet-Digilent-ZedBoard-2014.2/build/linux/rootfs/stage//bin/login to /bin/busybox.suid
update-alternatives: Linking /home/kartha/Avnet-Digilent-ZedBoard-2014.2/build/linux/rootfs/stage//bin/passwd to /bin/busybox.suid
update-alternatives: Linking /home/kartha/Avnet-Digilent-ZedBoard-2014.2/build/linux/rootfs/stage//bin/su to /bin/busybox.suid
update-alternatives: Linking /home/kartha/Avnet-Digilent-ZedBoard-2014.2/build/linux/rootfs/stage//bin/traceroute to /bin/busybox.suid
update-alternatives: Linking /home/kartha/Avnet-Digilent-ZedBoard-2014.2/build/linux/rootfs/stage//bin/vlock to /bin/busybox.suid
Setting up busybox-dev (1.22.1-r0) ...
Setting up busybox-inetd (1.22.1-r0) ...

Configuration file `/etc/inetd.conf', does not exist on system.
Installing new config file as you requested.
 Adding system startup for /home/kartha/Avnet-Digilent-ZedBoard-2014.2/build/linux/rootfs/stage/etc/init.d/inetd.busybox.
Setting up busybox-mdev (1.22.1-r0) ...

Configuration file `/etc/mdev.conf', does not exist on system.
Installing new config file as you requested.
 Adding system startup for /home/kartha/Avnet-Digilent-ZedBoard-2014.2/build/linux/rootfs/stage/etc/init.d/mdev.
Setting up busybox-udhcpc (1.22.1-r0) ...
Setting up eglibc-extra-nss (2.18-r1) ...
Setting up libgcc-s1 (4.8.1-r1) ...
Setting up gdbserver (7.6.50.20130726-cvs-r1) ...
Setting up netbase (1:5.2-r0) ...

Configuration file `/etc/hosts', does not exist on system.
Installing new config file as you requested.
Setting up init-ifupdown (1.0-r7) ...

Configuration file `/etc/network/interfaces', does not exist on system.
Installing new config file as you requested.
 Adding system startup for /home/kartha/Avnet-Digilent-ZedBoard-2014.2/build/linux/rootfs/stage/etc/init.d/networking.
Setting up init-ifupdown-dev (1.0-r7) ...
Setting up initscripts-functions (1.0-r154) ...
update-alternatives: Linking /home/kartha/Avnet-Digilent-ZedBoard-2014.2/build/linux/rootfs/stage//etc/init.d/functions to /etc/init.d/functions.initscripts
Setting up initscripts (1.0-r154) ...
Setting up initscripts-dev (1.0-r154) ...
Setting up libthread-db1 (2.18-r1) ...
Setting up libcidn1 (2.18-r1) ...
Setting up libc6-dev (2.18-r1) ...
Setting up libgcc-s-dev (4.8.1-r1) ...
Setting up libstdc++6 (4.8.1-r1) ...
Setting up libstdc++-dev (4.8.1-r1) ...
Setting up linux-libc-headers (3.11.0-r1) ...
Setting up modutils-initscripts (1.0-r7) ...
 Adding system startup for /home/kartha/Avnet-Digilent-ZedBoard-2014.2/build/linux/rootfs/stage/etc/init.d/modutils.sh.
Setting up modutils-initscripts-dev (1.0-r7) ...
Setting up mtd-utils (1.5.0+git0+dcea43eba9-r0) ...
Setting up mtd-utils-dev (1.5.0+git0+dcea43eba9-r0) ...
Setting up netbase-dev (1:5.2-r0) ...
Setting up sysvinit-pidof (2.88dsf-r11) ...
update-alternatives: Linking /home/kartha/Avnet-Digilent-ZedBoard-2014.2/build/linux/rootfs/stage//bin/pidof to /bin/pidof.sysvinit
Setting up sysvinit-inittab (2.88dsf-r10) ...

Configuration file `/etc/inittab', does not exist on system.
Installing new config file as you requested.
Setting up sysvinit (2.88dsf-r11) ...
update-alternatives: Linking /home/kartha/Avnet-Digilent-ZedBoard-2014.2/build/linux/rootfs/stage//sbin/init to /sbin/init.sysvinit
update-alternatives: Linking /home/kartha/Avnet-Digilent-ZedBoard-2014.2/build/linux/rootfs/stage//bin/mountpoint to /bin/mountpoint.sysvinit
update-alternatives: Linking /home/kartha/Avnet-Digilent-ZedBoard-2014.2/build/linux/rootfs/stage//sbin/halt to /sbin/halt.sysvinit
update-alternatives: Linking /home/kartha/Avnet-Digilent-ZedBoard-2014.2/build/linux/rootfs/stage//sbin/reboot to /sbin/reboot.sysvinit
update-alternatives: Linking /home/kartha/Avnet-Digilent-ZedBoard-2014.2/build/linux/rootfs/stage//sbin/runlevel to /sbin/runlevel.sysvinit
update-alternatives: Linking /home/kartha/Avnet-Digilent-ZedBoard-2014.2/build/linux/rootfs/stage//sbin/shutdown to /sbin/shutdown.sysvinit
update-alternatives: Linking /home/kartha/Avnet-Digilent-ZedBoard-2014.2/build/linux/rootfs/stage//sbin/poweroff to /sbin/poweroff.sysvinit
update-alternatives: Linking /home/kartha/Avnet-Digilent-ZedBoard-2014.2/build/linux/rootfs/stage//usr/bin/last to /usr/bin/last.sysvinit
update-alternatives: Linking /home/kartha/Avnet-Digilent-ZedBoard-2014.2/build/linux/rootfs/stage//usr/bin/mesg to /usr/bin/mesg.sysvinit
update-alternatives: Linking /home/kartha/Avnet-Digilent-ZedBoard-2014.2/build/linux/rootfs/stage//usr/bin/utmpdump to /usr/bin/utmpdump.sysvinit
update-alternatives: Linking /home/kartha/Avnet-Digilent-ZedBoard-2014.2/build/linux/rootfs/stage//usr/bin/wall to /usr/bin/wall.sysvinit
Setting up sysvinit-dev (2.88dsf-r11) ...
Setting up sysvinit-inittab-dev (2.88dsf-r10) ...
Setting up update-rc.d (0.7-r5) ...
Setting up update-rc.d-dev (0.7-r5) ...
Log ended: 2014-11-21  20:31:56
