Release 14.2 - platgen Xilinx EDK 14.2 Build EDK_P.28xd
 (lin)
Copyright (c) 1995-2012 Xilinx, Inc.  All rights reserved.

Command Line: platgen -p xc7z020clg484-1 -lang verilog -intstyle pa -lp
/media/D/BITS_Study/Semester_3/HW-SW_codesign/Project/ADXL/lib/ -toplevel no -ti
system_i -msg __xps/ise/xmsgprops.lst system.mhs 

WARNING:EDK - INFO:Security:67 - XILINXD_LICENSE_FILE is set to
   '/opt/PetaLinux/petalinux-v2014.2-final/etc/license' in
   /home/kartha/.flexlmrc.
   INFO:Security:71 - If a license for part 'xc7z020' is available, it will be
   possible to use 'XPS_TDP' instead of 'XPS'.
   WARNING:Security:42 - Your software subscription period has lapsed. Your
   current version of Xilinx tools will continue to function, but you no longer
   qualify for Xilinx software updates or new releases.


Parse
/media/D/BITS_Study/Semester_3/HW-SW_codesign/Project/ADXL/project_1/project_1.s
rcs/sources_1/edk/system/system.mhs ...

Read MPD definitions ...
WARNING:EDK:4092 - IPNAME: processing_system7, INSTANCE: processing_system7_0 -
   Pre-Production version not verified on hardware for architecture 'zynq' -
   /media/D/BITS_Study/Semester_3/HW-SW_codesign/Project/ADXL/project_1/project_
   1.srcs/sources_1/edk/system/system.mhs line 43 
WARNING:EDK:4092 - IPNAME: axi_interconnect, INSTANCE: axi_interconnect_1 -
   Pre-Production version not verified on hardware for architecture 'zynq' -
   /media/D/BITS_Study/Semester_3/HW-SW_codesign/Project/ADXL/project_1/project_
   1.srcs/sources_1/edk/system/system.mhs line 144 
WARNING:EDK:4092 - IPNAME: processing_system7, INSTANCE: processing_system7_0 -
   Pre-Production version not verified on hardware for architecture 'zynq' -
   /media/D/BITS_Study/Semester_3/HW-SW_codesign/Project/ADXL/project_1/project_
   1.srcs/sources_1/edk/system/system.mhs line 43 
WARNING:EDK:4092 - IPNAME: axi_interconnect, INSTANCE: axi_interconnect_1 -
   Pre-Production version not verified on hardware for architecture 'zynq' -
   /media/D/BITS_Study/Semester_3/HW-SW_codesign/Project/ADXL/project_1/project_
   1.srcs/sources_1/edk/system/system.mhs line 144 

Overriding IP level properties ...
INFO:EDK:4130 - IPNAME: processing_system7, INSTANCE:processing_system7_0 - tcl
   is overriding PARAMETER C_NUM_F2P_INTR_INPUTS value to 1 -
   /opt/Xilinx/14.2/ISE_DS/EDK/hw/XilinxProcessorIPLib/pcores/processing_system7
   _v4_01_a/data/processing_system7_v2_1_0.mpd line 314 
INFO:EDK:4130 - IPNAME: axi_interconnect, INSTANCE:axi_interconnect_1 - tcl is
   overriding PARAMETER C_BASEFAMILY value to zynq -
   /opt/Xilinx/14.2/ISE_DS/EDK/hw/XilinxProcessorIPLib/pcores/axi_interconnect_v
   1_06_a/data/axi_interconnect_v2_1_0.mpd line 80 

Computing clock values...
INFO:EDK:1432 - Frequency for Top-Level Input Clock
   'processing_system7_0_PS_CLK' is not specified. Clock DRCs will not be
   performed for IPs connected to that clock port, unless they are connected
   through the clock generator IP. 


Performing IP level DRCs on properties...

Running DRC Tcl procedures for OPTION IPLEVEL_DRC_PROC...
Address Map for Processor processing_system7_0
  (0x62c00000-0x62c0ffff) adxl_0	axi_interconnect_1

Checking platform address map ...

Checking platform configuration ...
IPNAME: axi_interconnect, INSTANCE: axi_interconnect_1 - 1 master(s) : 1
slave(s) 

Checking port drivers...

Performing Clock DRCs...

Performing Reset DRCs...

Overriding system level properties...
INFO:EDK:4130 - IPNAME: processing_system7, INSTANCE:processing_system7_0 - tcl
   is overriding PARAMETER C_FCLK_CLK1_BUF value to FALSE -
   /opt/Xilinx/14.2/ISE_DS/EDK/hw/XilinxProcessorIPLib/pcores/processing_system7
   _v4_01_a/data/processing_system7_v2_1_0.mpd line 345 
INFO:EDK:4130 - IPNAME: processing_system7, INSTANCE:processing_system7_0 - tcl
   is overriding PARAMETER C_FCLK_CLK2_BUF value to FALSE -
   /opt/Xilinx/14.2/ISE_DS/EDK/hw/XilinxProcessorIPLib/pcores/processing_system7
   _v4_01_a/data/processing_system7_v2_1_0.mpd line 346 
INFO:EDK:4130 - IPNAME: processing_system7, INSTANCE:processing_system7_0 - tcl
   is overriding PARAMETER C_FCLK_CLK3_BUF value to FALSE -
   /opt/Xilinx/14.2/ISE_DS/EDK/hw/XilinxProcessorIPLib/pcores/processing_system7
   _v4_01_a/data/processing_system7_v2_1_0.mpd line 347 

INFO: Setting C_RANGE_CHECK = ON for axi_interconnect axi_interconnect_1.
INFO:EDK:4130 - IPNAME: axi_interconnect, INSTANCE:axi_interconnect_1 - tcl is
   overriding PARAMETER C_RANGE_CHECK value to 1 -
   /opt/Xilinx/14.2/ISE_DS/EDK/hw/XilinxProcessorIPLib/pcores/axi_interconnect_v
   1_06_a/data/axi_interconnect_v2_1_0.mpd line 148 

Running system level update procedures...

Running UPDATE Tcl procedures for OPTION SYSLEVEL_UPDATE_PROC...

Running system level DRCs...

Performing System level DRCs on properties...

Running DRC Tcl procedures for OPTION SYSLEVEL_DRC_PROC...

Running UPDATE Tcl procedures for OPTION PLATGEN_SYSLEVEL_UPDATE_PROC...
INFO: No asynchronous clock conversions in axi_interconnect axi_interconnect_1.

Modify defaults ...

Creating stub ...

Processing licensed instances ...
Completion time: 0.00 seconds

Creating hardware output directories ...

Managing hardware (BBD-specified) netlist files ...

Managing cache ...
IPNAME:processing_system7 INSTANCE:processing_system7_0 -
/media/D/BITS_Study/Semester_3/HW-SW_codesign/Project/ADXL/project_1/project_1.s
rcs/sources_1/edk/system/system.mhs line 43 - Copying cache implementation
netlist
IPNAME:adxl INSTANCE:adxl_0 -
/media/D/BITS_Study/Semester_3/HW-SW_codesign/Project/ADXL/project_1/project_1.s
rcs/sources_1/edk/system/system.mhs line 129 - Copying cache implementation
netlist
IPNAME:axi_interconnect INSTANCE:axi_interconnect_1 -
/media/D/BITS_Study/Semester_3/HW-SW_codesign/Project/ADXL/project_1/project_1.s
rcs/sources_1/edk/system/system.mhs line 144 - Copying cache implementation
netlist

Elaborating instances ...

Writing HDL for elaborated instances ...

Inserting wrapper level ...
Completion time: 0.00 seconds

Constructing platform-level connectivity ...
Completion time: 0.00 seconds

Writing (top-level) BMM ...

Writing (top-level and wrappers) HDL ...

Generating synthesis project file ...

Running XST synthesis ...

INFO:EDK:4211 - The following instances are synthesized with XST. The MPD option
   IMP_NETLIST=TRUE indicates that a NGC file is to be produced using XST
   synthesis. IMP_NETLIST=FALSE (default) instances are not synthesized. 
INSTANCE:adxl_0 -
/media/D/BITS_Study/Semester_3/HW-SW_codesign/Project/ADXL/project_1/project_1.s
rcs/sources_1/edk/system/system.mhs line 129 - Running XST synthesis

Running NGCBUILD ...
INFO:EDK:3509 - NCF files should not be modified as they will be regenerated.
   If any constraint needs to be overridden, this should be done by modifying
   the data/system.ucf file.

Rebuilding cache ...

Total run time: 36.00 seconds
